[2024-12-09T01:17:19.379+0000] {manager.py:483} INFO - Processing files using up to 1 processes at a time 
[2024-12-09T01:17:19.380+0000] {manager.py:484} INFO - Process each file at most once every 30 seconds
[2024-12-09T01:17:19.380+0000] {manager.py:485} INFO - Checking for new files in /opt/airflow/dags every 300 seconds
[2024-12-09T01:17:19.380+0000] {manager.py:821} INFO - Searching for files in /opt/airflow/dags
[2024-12-09T01:17:19.381+0000] {manager.py:824} INFO - There are 1 files in /opt/airflow/dags
[2024-12-09T01:17:20.242+0000] {manager.py:997} INFO - 
================================================================================
DAG File Processing Stats

File Path                                         PID    Runtime      # DAGs    # Errors  Last Runtime    Last Run               Last # of DB Queries
------------------------------------------------  -----  ---------  --------  ----------  --------------  -------------------  ----------------------
/opt/airflow/dags/kafka_etl_kaggle_flight_dag.py                           1           0  0.81s           2024-12-09T01:17:20                      41
================================================================================
[2024-12-09T01:17:51.371+0000] {manager.py:997} INFO - 
================================================================================
DAG File Processing Stats

File Path                                         PID    Runtime      # DAGs    # Errors  Last Runtime    Last Run               Last # of DB Queries
------------------------------------------------  -----  ---------  --------  ----------  --------------  -------------------  ----------------------
/opt/airflow/dags/kafka_etl_kaggle_flight_dag.py                           1           0  0.73s           2024-12-09T01:17:51                      12
================================================================================
[2024-12-09T01:18:22.507+0000] {manager.py:997} INFO - 
================================================================================
DAG File Processing Stats

File Path                                         PID    Runtime      # DAGs    # Errors  Last Runtime    Last Run               Last # of DB Queries
------------------------------------------------  -----  ---------  --------  ----------  --------------  -------------------  ----------------------
/opt/airflow/dags/kafka_etl_kaggle_flight_dag.py                           1           0  0.52s           2024-12-09T01:18:22                      12
================================================================================
[2024-12-09T01:18:53.932+0000] {manager.py:997} INFO - 
================================================================================
DAG File Processing Stats

File Path                                         PID    Runtime      # DAGs    # Errors  Last Runtime    Last Run               Last # of DB Queries
------------------------------------------------  -----  ---------  --------  ----------  --------------  -------------------  ----------------------
/opt/airflow/dags/kafka_etl_kaggle_flight_dag.py                           1           0  0.55s           2024-12-09T01:18:53                      12
================================================================================
[2024-12-09T01:19:25.451+0000] {manager.py:997} INFO - 
================================================================================
DAG File Processing Stats

File Path                                         PID    Runtime      # DAGs    # Errors  Last Runtime    Last Run               Last # of DB Queries
------------------------------------------------  -----  ---------  --------  ----------  --------------  -------------------  ----------------------
/opt/airflow/dags/kafka_etl_kaggle_flight_dag.py                           1           0  0.63s           2024-12-09T01:19:25                      12
================================================================================
[2024-12-09T01:19:56.573+0000] {manager.py:997} INFO - 
================================================================================
DAG File Processing Stats

File Path                                         PID    Runtime      # DAGs    # Errors  Last Runtime    Last Run               Last # of DB Queries
------------------------------------------------  -----  ---------  --------  ----------  --------------  -------------------  ----------------------
/opt/airflow/dags/kafka_etl_kaggle_flight_dag.py                           1           0  0.52s           2024-12-09T01:19:56                      12
================================================================================
[2024-12-09T01:20:27.424+0000] {manager.py:997} INFO - 
================================================================================
DAG File Processing Stats

File Path                                         PID    Runtime      # DAGs    # Errors  Last Runtime    Last Run               Last # of DB Queries
------------------------------------------------  -----  ---------  --------  ----------  --------------  -------------------  ----------------------
/opt/airflow/dags/kafka_etl_kaggle_flight_dag.py                           1           0  0.53s           2024-12-09T01:20:27                      12
================================================================================
[2024-12-09T01:20:58.271+0000] {manager.py:997} INFO - 
================================================================================
DAG File Processing Stats

File Path                                         PID    Runtime      # DAGs    # Errors  Last Runtime    Last Run               Last # of DB Queries
------------------------------------------------  -----  ---------  --------  ----------  --------------  -------------------  ----------------------
/opt/airflow/dags/kafka_etl_kaggle_flight_dag.py                           1           0  0.53s           2024-12-09T01:20:58                      12
================================================================================
[2024-12-09T01:21:29.147+0000] {manager.py:997} INFO - 
================================================================================
DAG File Processing Stats

File Path                                         PID    Runtime      # DAGs    # Errors  Last Runtime    Last Run               Last # of DB Queries
------------------------------------------------  -----  ---------  --------  ----------  --------------  -------------------  ----------------------
/opt/airflow/dags/kafka_etl_kaggle_flight_dag.py                           1           0  0.53s           2024-12-09T01:21:29                      12
================================================================================
[2024-12-09T01:22:00.782+0000] {manager.py:997} INFO - 
================================================================================
DAG File Processing Stats

File Path                                         PID    Runtime      # DAGs    # Errors  Last Runtime    Last Run               Last # of DB Queries
------------------------------------------------  -----  ---------  --------  ----------  --------------  -------------------  ----------------------
/opt/airflow/dags/kafka_etl_kaggle_flight_dag.py                           1           0  1.33s           2024-12-09T01:22:00                      12
================================================================================
[2024-12-09T01:22:19.448+0000] {manager.py:821} INFO - Searching for files in /opt/airflow/dags
[2024-12-09T01:22:19.453+0000] {manager.py:824} INFO - There are 1 files in /opt/airflow/dags
[2024-12-09T01:22:31.687+0000] {manager.py:997} INFO - 
================================================================================
DAG File Processing Stats

File Path                                         PID    Runtime      # DAGs    # Errors  Last Runtime    Last Run               Last # of DB Queries
------------------------------------------------  -----  ---------  --------  ----------  --------------  -------------------  ----------------------
/opt/airflow/dags/kafka_etl_kaggle_flight_dag.py                           1           0  0.53s           2024-12-09T01:22:31                      12
================================================================================
[2024-12-09T01:23:02.429+0000] {manager.py:997} INFO - 
================================================================================
DAG File Processing Stats

File Path                                         PID    Runtime      # DAGs    # Errors  Last Runtime    Last Run               Last # of DB Queries
------------------------------------------------  -----  ---------  --------  ----------  --------------  -------------------  ----------------------
/opt/airflow/dags/kafka_etl_kaggle_flight_dag.py                           1           0  0.53s           2024-12-09T01:23:02                      12
================================================================================
[2024-12-09T01:23:33.250+0000] {manager.py:997} INFO - 
================================================================================
DAG File Processing Stats

File Path                                         PID    Runtime      # DAGs    # Errors  Last Runtime    Last Run               Last # of DB Queries
------------------------------------------------  -----  ---------  --------  ----------  --------------  -------------------  ----------------------
/opt/airflow/dags/kafka_etl_kaggle_flight_dag.py                           1           0  0.63s           2024-12-09T01:23:33                      12
================================================================================
[2024-12-09T01:24:04.101+0000] {manager.py:997} INFO - 
================================================================================
DAG File Processing Stats

File Path                                         PID    Runtime      # DAGs    # Errors  Last Runtime    Last Run               Last # of DB Queries
------------------------------------------------  -----  ---------  --------  ----------  --------------  -------------------  ----------------------
/opt/airflow/dags/kafka_etl_kaggle_flight_dag.py                           1           0  0.65s           2024-12-09T01:24:04                      12
================================================================================
[2024-12-09T01:24:34.877+0000] {manager.py:997} INFO - 
================================================================================
DAG File Processing Stats

File Path                                         PID    Runtime      # DAGs    # Errors  Last Runtime    Last Run               Last # of DB Queries
------------------------------------------------  -----  ---------  --------  ----------  --------------  -------------------  ----------------------
/opt/airflow/dags/kafka_etl_kaggle_flight_dag.py                           1           0  0.63s           2024-12-09T01:24:34                      12
================================================================================
[2024-12-09T01:25:05.670+0000] {manager.py:997} INFO - 
================================================================================
DAG File Processing Stats

File Path                                         PID    Runtime      # DAGs    # Errors  Last Runtime    Last Run               Last # of DB Queries
------------------------------------------------  -----  ---------  --------  ----------  --------------  -------------------  ----------------------
/opt/airflow/dags/kafka_etl_kaggle_flight_dag.py                           1           0  0.63s           2024-12-09T01:25:05                      12
================================================================================
[2024-12-09T01:25:36.506+0000] {manager.py:997} INFO - 
================================================================================
DAG File Processing Stats

File Path                                         PID    Runtime      # DAGs    # Errors  Last Runtime    Last Run               Last # of DB Queries
------------------------------------------------  -----  ---------  --------  ----------  --------------  -------------------  ----------------------
/opt/airflow/dags/kafka_etl_kaggle_flight_dag.py                           1           0  0.63s           2024-12-09T01:25:36                      12
================================================================================
[2024-12-09T01:26:07.255+0000] {manager.py:997} INFO - 
================================================================================
DAG File Processing Stats

File Path                                         PID    Runtime      # DAGs    # Errors  Last Runtime    Last Run               Last # of DB Queries
------------------------------------------------  -----  ---------  --------  ----------  --------------  -------------------  ----------------------
/opt/airflow/dags/kafka_etl_kaggle_flight_dag.py                           1           0  0.63s           2024-12-09T01:26:07                      12
================================================================================
[2024-12-09T01:26:38.008+0000] {manager.py:997} INFO - 
================================================================================
DAG File Processing Stats

File Path                                         PID    Runtime      # DAGs    # Errors  Last Runtime    Last Run               Last # of DB Queries
------------------------------------------------  -----  ---------  --------  ----------  --------------  -------------------  ----------------------
/opt/airflow/dags/kafka_etl_kaggle_flight_dag.py                           1           0  0.64s           2024-12-09T01:26:38                      12
================================================================================
[2024-12-09T01:27:59.079+0000] {manager.py:465} INFO - Exiting gracefully upon receiving signal 15
[2024-12-09T01:27:59.362+0000] {manager.py:483} INFO - Processing files using up to 1 processes at a time 
[2024-12-09T01:27:59.362+0000] {manager.py:484} INFO - Process each file at most once every 30 seconds
[2024-12-09T01:27:59.362+0000] {manager.py:485} INFO - Checking for new files in /opt/airflow/dags every 300 seconds
[2024-12-09T01:27:59.362+0000] {manager.py:821} INFO - Searching for files in /opt/airflow/dags
[2024-12-09T01:27:59.365+0000] {manager.py:824} INFO - There are 1 files in /opt/airflow/dags
[2024-12-09T01:27:59.669+0000] {manager.py:997} INFO - 
================================================================================
DAG File Processing Stats

File Path                                         PID    Runtime      # DAGs    # Errors  Last Runtime    Last Run               Last # of DB Queries
------------------------------------------------  -----  ---------  --------  ----------  --------------  -------------------  ----------------------
/opt/airflow/dags/kafka_etl_kaggle_flight_dag.py                           1           0  0.21s           2024-12-09T01:27:59                      12
================================================================================
[2024-12-09T01:28:31.091+0000] {manager.py:997} INFO - 
================================================================================
DAG File Processing Stats

File Path                                         PID    Runtime      # DAGs    # Errors  Last Runtime    Last Run               Last # of DB Queries
------------------------------------------------  -----  ---------  --------  ----------  --------------  -------------------  ----------------------
/opt/airflow/dags/kafka_etl_kaggle_flight_dag.py                           1           0  0.42s           2024-12-09T01:28:31                      12
================================================================================
[2024-12-09T01:29:02.386+0000] {manager.py:997} INFO - 
================================================================================
DAG File Processing Stats

File Path                                         PID    Runtime      # DAGs    # Errors  Last Runtime    Last Run               Last # of DB Queries
------------------------------------------------  -----  ---------  --------  ----------  --------------  -------------------  ----------------------
/opt/airflow/dags/kafka_etl_kaggle_flight_dag.py                           1           0  0.35s           2024-12-09T01:29:02                      12
================================================================================
[2024-12-09T01:29:34.009+0000] {manager.py:997} INFO - 
================================================================================
DAG File Processing Stats

File Path                                         PID    Runtime      # DAGs    # Errors  Last Runtime    Last Run               Last # of DB Queries
------------------------------------------------  -----  ---------  --------  ----------  --------------  -------------------  ----------------------
/opt/airflow/dags/kafka_etl_kaggle_flight_dag.py                           1           0  0.54s           2024-12-09T01:29:34                      12
================================================================================
[2024-12-09T01:30:05.182+0000] {manager.py:997} INFO - 
================================================================================
DAG File Processing Stats

File Path                                         PID    Runtime      # DAGs    # Errors  Last Runtime    Last Run               Last # of DB Queries
------------------------------------------------  -----  ---------  --------  ----------  --------------  -------------------  ----------------------
/opt/airflow/dags/kafka_etl_kaggle_flight_dag.py                           1           0  0.43s           2024-12-09T01:30:05                      12
================================================================================
[2024-12-09T01:30:36.427+0000] {manager.py:997} INFO - 
================================================================================
DAG File Processing Stats

File Path                                         PID    Runtime      # DAGs    # Errors  Last Runtime    Last Run               Last # of DB Queries
------------------------------------------------  -----  ---------  --------  ----------  --------------  -------------------  ----------------------
/opt/airflow/dags/kafka_etl_kaggle_flight_dag.py                           1           0  0.45s           2024-12-09T01:30:36                      12
================================================================================
[2024-12-09T01:31:07.231+0000] {manager.py:997} INFO - 
================================================================================
DAG File Processing Stats

File Path                                         PID    Runtime      # DAGs    # Errors  Last Runtime    Last Run               Last # of DB Queries
------------------------------------------------  -----  ---------  --------  ----------  --------------  -------------------  ----------------------
/opt/airflow/dags/kafka_etl_kaggle_flight_dag.py                           1           0  0.43s           2024-12-09T01:31:07                      12
================================================================================
[2024-12-09T01:31:37.992+0000] {manager.py:997} INFO - 
================================================================================
DAG File Processing Stats

File Path                                         PID    Runtime      # DAGs    # Errors  Last Runtime    Last Run               Last # of DB Queries
------------------------------------------------  -----  ---------  --------  ----------  --------------  -------------------  ----------------------
/opt/airflow/dags/kafka_etl_kaggle_flight_dag.py                           1           0  0.43s           2024-12-09T01:31:37                      12
================================================================================
[2024-12-09T01:32:08.638+0000] {manager.py:997} INFO - 
================================================================================
DAG File Processing Stats

File Path                                         PID    Runtime      # DAGs    # Errors  Last Runtime    Last Run               Last # of DB Queries
------------------------------------------------  -----  ---------  --------  ----------  --------------  -------------------  ----------------------
/opt/airflow/dags/kafka_etl_kaggle_flight_dag.py                           1           0  0.32s           2024-12-09T01:32:08                      12
================================================================================
[2024-12-09T01:32:39.390+0000] {manager.py:997} INFO - 
================================================================================
DAG File Processing Stats

File Path                                         PID    Runtime      # DAGs    # Errors  Last Runtime    Last Run               Last # of DB Queries
------------------------------------------------  -----  ---------  --------  ----------  --------------  -------------------  ----------------------
/opt/airflow/dags/kafka_etl_kaggle_flight_dag.py                           1           0  0.33s           2024-12-09T01:32:39                      12
================================================================================
[2024-12-09T01:32:59.523+0000] {manager.py:821} INFO - Searching for files in /opt/airflow/dags
[2024-12-09T01:32:59.529+0000] {manager.py:824} INFO - There are 1 files in /opt/airflow/dags
[2024-12-09T01:33:10.099+0000] {manager.py:997} INFO - 
================================================================================
DAG File Processing Stats

File Path                                         PID    Runtime      # DAGs    # Errors  Last Runtime    Last Run               Last # of DB Queries
------------------------------------------------  -----  ---------  --------  ----------  --------------  -------------------  ----------------------
/opt/airflow/dags/kafka_etl_kaggle_flight_dag.py                           1           0  0.44s           2024-12-09T01:33:10                      12
================================================================================
[2024-12-09T01:33:40.750+0000] {manager.py:997} INFO - 
================================================================================
DAG File Processing Stats

File Path                                         PID    Runtime      # DAGs    # Errors  Last Runtime    Last Run               Last # of DB Queries
------------------------------------------------  -----  ---------  --------  ----------  --------------  -------------------  ----------------------
/opt/airflow/dags/kafka_etl_kaggle_flight_dag.py                           1           0  0.34s           2024-12-09T01:33:40                      12
================================================================================
[2024-12-09T01:34:11.765+0000] {manager.py:997} INFO - 
================================================================================
DAG File Processing Stats

File Path                                         PID    Runtime      # DAGs    # Errors  Last Runtime    Last Run               Last # of DB Queries
------------------------------------------------  -----  ---------  --------  ----------  --------------  -------------------  ----------------------
/opt/airflow/dags/kafka_etl_kaggle_flight_dag.py                           1           0  0.76s           2024-12-09T01:34:11                      12
================================================================================
[2024-12-09T01:34:42.390+0000] {manager.py:997} INFO - 
================================================================================
DAG File Processing Stats

File Path                                         PID    Runtime      # DAGs    # Errors  Last Runtime    Last Run               Last # of DB Queries
------------------------------------------------  -----  ---------  --------  ----------  --------------  -------------------  ----------------------
/opt/airflow/dags/kafka_etl_kaggle_flight_dag.py                           1           0  0.43s           2024-12-09T01:34:42                      12
================================================================================
[2024-12-09T01:35:12.916+0000] {manager.py:997} INFO - 
================================================================================
DAG File Processing Stats

File Path                                         PID    Runtime      # DAGs    # Errors  Last Runtime    Last Run               Last # of DB Queries
------------------------------------------------  -----  ---------  --------  ----------  --------------  -------------------  ----------------------
/opt/airflow/dags/kafka_etl_kaggle_flight_dag.py                           1           0  0.34s           2024-12-09T01:35:12                      12
================================================================================
[2024-12-09T01:35:43.435+0000] {manager.py:997} INFO - 
================================================================================
DAG File Processing Stats

File Path                                         PID    Runtime      # DAGs    # Errors  Last Runtime    Last Run               Last # of DB Queries
------------------------------------------------  -----  ---------  --------  ----------  --------------  -------------------  ----------------------
/opt/airflow/dags/kafka_etl_kaggle_flight_dag.py                           1           0  0.32s           2024-12-09T01:35:43                      12
================================================================================
[2024-12-09T01:36:14.067+0000] {manager.py:997} INFO - 
================================================================================
DAG File Processing Stats

File Path                                         PID    Runtime      # DAGs    # Errors  Last Runtime    Last Run               Last # of DB Queries
------------------------------------------------  -----  ---------  --------  ----------  --------------  -------------------  ----------------------
/opt/airflow/dags/kafka_etl_kaggle_flight_dag.py                           1           0  0.42s           2024-12-09T01:36:14                      12
================================================================================
[2024-12-09T01:36:44.671+0000] {manager.py:997} INFO - 
================================================================================
DAG File Processing Stats

File Path                                         PID    Runtime      # DAGs    # Errors  Last Runtime    Last Run               Last # of DB Queries
------------------------------------------------  -----  ---------  --------  ----------  --------------  -------------------  ----------------------
/opt/airflow/dags/kafka_etl_kaggle_flight_dag.py                           1           0  0.44s           2024-12-09T01:36:44                      12
================================================================================
[2024-12-09T01:37:15.131+0000] {manager.py:997} INFO - 
================================================================================
DAG File Processing Stats

File Path                                         PID    Runtime      # DAGs    # Errors  Last Runtime    Last Run               Last # of DB Queries
------------------------------------------------  -----  ---------  --------  ----------  --------------  -------------------  ----------------------
/opt/airflow/dags/kafka_etl_kaggle_flight_dag.py                           1           0  0.36s           2024-12-09T01:37:15                      12
================================================================================
[2024-12-09T01:37:45.599+0000] {manager.py:997} INFO - 
================================================================================
DAG File Processing Stats

File Path                                         PID    Runtime      # DAGs    # Errors  Last Runtime    Last Run               Last # of DB Queries
------------------------------------------------  -----  ---------  --------  ----------  --------------  -------------------  ----------------------
/opt/airflow/dags/kafka_etl_kaggle_flight_dag.py                           1           0  0.32s           2024-12-09T01:37:45                      12
================================================================================
[2024-12-09T01:37:59.592+0000] {manager.py:821} INFO - Searching for files in /opt/airflow/dags
[2024-12-09T01:37:59.608+0000] {manager.py:824} INFO - There are 1 files in /opt/airflow/dags
[2024-12-09T01:38:16.090+0000] {manager.py:997} INFO - 
================================================================================
DAG File Processing Stats

File Path                                         PID    Runtime      # DAGs    # Errors  Last Runtime    Last Run               Last # of DB Queries
------------------------------------------------  -----  ---------  --------  ----------  --------------  -------------------  ----------------------
/opt/airflow/dags/kafka_etl_kaggle_flight_dag.py                           1           0  0.33s           2024-12-09T01:38:16                      12
================================================================================
[2024-12-09T01:38:46.555+0000] {manager.py:997} INFO - 
================================================================================
DAG File Processing Stats

File Path                                         PID    Runtime      # DAGs    # Errors  Last Runtime    Last Run               Last # of DB Queries
------------------------------------------------  -----  ---------  --------  ----------  --------------  -------------------  ----------------------
/opt/airflow/dags/kafka_etl_kaggle_flight_dag.py                           1           0  0.36s           2024-12-09T01:38:46                      12
================================================================================
[2024-12-09T01:39:17.119+0000] {manager.py:997} INFO - 
================================================================================
DAG File Processing Stats

File Path                                         PID    Runtime      # DAGs    # Errors  Last Runtime    Last Run               Last # of DB Queries
------------------------------------------------  -----  ---------  --------  ----------  --------------  -------------------  ----------------------
/opt/airflow/dags/kafka_etl_kaggle_flight_dag.py                           1           0  0.45s           2024-12-09T01:39:17                      12
================================================================================
[2024-12-09T01:39:26.805+0000] {manager.py:465} INFO - Exiting gracefully upon receiving signal 15
[2024-12-09T01:51:17.593+0000] {manager.py:483} INFO - Processing files using up to 1 processes at a time 
[2024-12-09T01:51:17.595+0000] {manager.py:484} INFO - Process each file at most once every 30 seconds
[2024-12-09T01:51:17.596+0000] {manager.py:485} INFO - Checking for new files in /opt/airflow/dags every 300 seconds
[2024-12-09T01:51:17.598+0000] {manager.py:821} INFO - Searching for files in /opt/airflow/dags
[2024-12-09T01:51:17.620+0000] {manager.py:824} INFO - There are 1 files in /opt/airflow/dags
[2024-12-09T01:51:20.946+0000] {manager.py:997} INFO - 
================================================================================
DAG File Processing Stats

File Path                                         PID    Runtime      # DAGs    # Errors  Last Runtime    Last Run               Last # of DB Queries
------------------------------------------------  -----  ---------  --------  ----------  --------------  -------------------  ----------------------
/opt/airflow/dags/kafka_etl_kaggle_flight_dag.py                           1           0  2.77s           2024-12-09T01:51:20                      12
================================================================================
[2024-12-09T01:51:52.218+0000] {manager.py:997} INFO - 
================================================================================
DAG File Processing Stats

File Path                                         PID    Runtime      # DAGs    # Errors  Last Runtime    Last Run               Last # of DB Queries
------------------------------------------------  -----  ---------  --------  ----------  --------------  -------------------  ----------------------
/opt/airflow/dags/kafka_etl_kaggle_flight_dag.py                           1           0  1.13s           2024-12-09T01:51:52                      12
================================================================================
[2024-12-09T01:52:22.974+0000] {manager.py:997} INFO - 
================================================================================
DAG File Processing Stats

File Path                                         PID    Runtime      # DAGs    # Errors  Last Runtime    Last Run               Last # of DB Queries
------------------------------------------------  -----  ---------  --------  ----------  --------------  -------------------  ----------------------
/opt/airflow/dags/kafka_etl_kaggle_flight_dag.py                           1           0  0.54s           2024-12-09T01:52:22                      12
================================================================================
[2024-12-09T01:52:54.026+0000] {manager.py:997} INFO - 
================================================================================
DAG File Processing Stats

File Path                                         PID    Runtime      # DAGs    # Errors  Last Runtime    Last Run               Last # of DB Queries
------------------------------------------------  -----  ---------  --------  ----------  --------------  -------------------  ----------------------
/opt/airflow/dags/kafka_etl_kaggle_flight_dag.py                           1           0  0.76s           2024-12-09T01:52:54                      12
================================================================================
[2024-12-09T01:53:03.005+0000] {manager.py:465} INFO - Exiting gracefully upon receiving signal 15
[2024-12-09T01:53:29.897+0000] {manager.py:483} INFO - Processing files using up to 1 processes at a time 
[2024-12-09T01:53:29.899+0000] {manager.py:484} INFO - Process each file at most once every 30 seconds
[2024-12-09T01:53:29.901+0000] {manager.py:485} INFO - Checking for new files in /opt/airflow/dags every 300 seconds
[2024-12-09T01:53:29.902+0000] {manager.py:821} INFO - Searching for files in /opt/airflow/dags
[2024-12-09T01:53:29.919+0000] {manager.py:824} INFO - There are 1 files in /opt/airflow/dags
[2024-12-09T01:53:31.966+0000] {manager.py:997} INFO - 
================================================================================
DAG File Processing Stats

File Path                                         PID    Runtime      # DAGs    # Errors  Last Runtime    Last Run               Last # of DB Queries
------------------------------------------------  -----  ---------  --------  ----------  --------------  -------------------  ----------------------
/opt/airflow/dags/kafka_etl_kaggle_flight_dag.py                           1           0  1.83s           2024-12-09T01:53:31                      12
================================================================================
[2024-12-09T01:54:03.187+0000] {manager.py:997} INFO - 
================================================================================
DAG File Processing Stats

File Path                                         PID    Runtime      # DAGs    # Errors  Last Runtime    Last Run               Last # of DB Queries
------------------------------------------------  -----  ---------  --------  ----------  --------------  -------------------  ----------------------
/opt/airflow/dags/kafka_etl_kaggle_flight_dag.py                           1           0  0.63s           2024-12-09T01:54:03                      12
================================================================================
[2024-12-09T01:54:34.667+0000] {manager.py:997} INFO - 
================================================================================
DAG File Processing Stats

File Path                                         PID    Runtime      # DAGs    # Errors  Last Runtime    Last Run               Last # of DB Queries
------------------------------------------------  -----  ---------  --------  ----------  --------------  -------------------  ----------------------
/opt/airflow/dags/kafka_etl_kaggle_flight_dag.py                           1           0  0.64s           2024-12-09T01:54:34                      12
================================================================================
[2024-12-09T01:55:06.086+0000] {manager.py:997} INFO - 
================================================================================
DAG File Processing Stats

File Path                                         PID    Runtime      # DAGs    # Errors  Last Runtime    Last Run               Last # of DB Queries
------------------------------------------------  -----  ---------  --------  ----------  --------------  -------------------  ----------------------
/opt/airflow/dags/kafka_etl_kaggle_flight_dag.py                           1           0  0.69s           2024-12-09T01:55:06                      12
================================================================================
[2024-12-09T01:55:37.165+0000] {manager.py:997} INFO - 
================================================================================
DAG File Processing Stats

File Path                                         PID    Runtime      # DAGs    # Errors  Last Runtime    Last Run               Last # of DB Queries
------------------------------------------------  -----  ---------  --------  ----------  --------------  -------------------  ----------------------
/opt/airflow/dags/kafka_etl_kaggle_flight_dag.py                           1           0  0.66s           2024-12-09T01:55:37                      12
================================================================================
[2024-12-09T01:56:08.050+0000] {manager.py:997} INFO - 
================================================================================
DAG File Processing Stats

File Path                                         PID    Runtime      # DAGs    # Errors  Last Runtime    Last Run               Last # of DB Queries
------------------------------------------------  -----  ---------  --------  ----------  --------------  -------------------  ----------------------
/opt/airflow/dags/kafka_etl_kaggle_flight_dag.py                           1           0  0.56s           2024-12-09T01:56:08                      12
================================================================================
[2024-12-09T01:56:38.990+0000] {manager.py:997} INFO - 
================================================================================
DAG File Processing Stats

File Path                                         PID    Runtime      # DAGs    # Errors  Last Runtime    Last Run               Last # of DB Queries
------------------------------------------------  -----  ---------  --------  ----------  --------------  -------------------  ----------------------
/opt/airflow/dags/kafka_etl_kaggle_flight_dag.py                           1           0  0.57s           2024-12-09T01:56:38                      12
================================================================================
[2024-12-09T01:57:09.894+0000] {manager.py:997} INFO - 
================================================================================
DAG File Processing Stats

File Path                                         PID    Runtime      # DAGs    # Errors  Last Runtime    Last Run               Last # of DB Queries
------------------------------------------------  -----  ---------  --------  ----------  --------------  -------------------  ----------------------
/opt/airflow/dags/kafka_etl_kaggle_flight_dag.py                           1           0  0.57s           2024-12-09T01:57:09                      12
================================================================================
[2024-12-09T01:57:40.782+0000] {manager.py:997} INFO - 
================================================================================
DAG File Processing Stats

File Path                                         PID    Runtime      # DAGs    # Errors  Last Runtime    Last Run               Last # of DB Queries
------------------------------------------------  -----  ---------  --------  ----------  --------------  -------------------  ----------------------
/opt/airflow/dags/kafka_etl_kaggle_flight_dag.py                           1           0  0.55s           2024-12-09T01:57:40                      12
================================================================================
[2024-12-09T01:58:11.721+0000] {manager.py:997} INFO - 
================================================================================
DAG File Processing Stats

File Path                                         PID    Runtime      # DAGs    # Errors  Last Runtime    Last Run               Last # of DB Queries
------------------------------------------------  -----  ---------  --------  ----------  --------------  -------------------  ----------------------
/opt/airflow/dags/kafka_etl_kaggle_flight_dag.py                           1           0  0.57s           2024-12-09T01:58:11                      12
================================================================================
[2024-12-09T01:58:30.674+0000] {manager.py:821} INFO - Searching for files in /opt/airflow/dags
[2024-12-09T01:58:30.685+0000] {manager.py:824} INFO - There are 1 files in /opt/airflow/dags
[2024-12-09T01:58:42.415+0000] {manager.py:997} INFO - 
================================================================================
DAG File Processing Stats

File Path                                         PID    Runtime      # DAGs    # Errors  Last Runtime    Last Run               Last # of DB Queries
------------------------------------------------  -----  ---------  --------  ----------  --------------  -------------------  ----------------------
/opt/airflow/dags/kafka_etl_kaggle_flight_dag.py                           1           0  0.57s           2024-12-09T01:58:42                      12
================================================================================
[2024-12-09T01:59:13.114+0000] {manager.py:997} INFO - 
================================================================================
DAG File Processing Stats

File Path                                         PID    Runtime      # DAGs    # Errors  Last Runtime    Last Run               Last # of DB Queries
------------------------------------------------  -----  ---------  --------  ----------  --------------  -------------------  ----------------------
/opt/airflow/dags/kafka_etl_kaggle_flight_dag.py                           1           0  0.56s           2024-12-09T01:59:13                      12
================================================================================
[2024-12-09T01:59:43.830+0000] {manager.py:997} INFO - 
================================================================================
DAG File Processing Stats

File Path                                         PID    Runtime      # DAGs    # Errors  Last Runtime    Last Run               Last # of DB Queries
------------------------------------------------  -----  ---------  --------  ----------  --------------  -------------------  ----------------------
/opt/airflow/dags/kafka_etl_kaggle_flight_dag.py                           1           0  0.57s           2024-12-09T01:59:43                      12
================================================================================
[2024-12-09T02:00:14.493+0000] {manager.py:997} INFO - 
================================================================================
DAG File Processing Stats

File Path                                         PID    Runtime      # DAGs    # Errors  Last Runtime    Last Run               Last # of DB Queries
------------------------------------------------  -----  ---------  --------  ----------  --------------  -------------------  ----------------------
/opt/airflow/dags/kafka_etl_kaggle_flight_dag.py                           1           0  0.55s           2024-12-09T02:00:14                      12
================================================================================
[2024-12-09T02:00:37.151+0000] {manager.py:465} INFO - Exiting gracefully upon receiving signal 15
[2024-12-09T02:01:12.326+0000] {manager.py:483} INFO - Processing files using up to 1 processes at a time 
[2024-12-09T02:01:12.330+0000] {manager.py:484} INFO - Process each file at most once every 30 seconds
[2024-12-09T02:01:12.331+0000] {manager.py:485} INFO - Checking for new files in /opt/airflow/dags every 300 seconds
[2024-12-09T02:01:12.331+0000] {manager.py:821} INFO - Searching for files in /opt/airflow/dags
[2024-12-09T02:01:12.337+0000] {manager.py:824} INFO - There are 1 files in /opt/airflow/dags
[2024-12-09T02:01:13.733+0000] {manager.py:997} INFO - 
================================================================================
DAG File Processing Stats

File Path                                         PID    Runtime      # DAGs    # Errors  Last Runtime    Last Run               Last # of DB Queries
------------------------------------------------  -----  ---------  --------  ----------  --------------  -------------------  ----------------------
/opt/airflow/dags/kafka_etl_kaggle_flight_dag.py                           1           0  1.13s           2024-12-09T02:01:13                      12
================================================================================
[2024-12-09T02:01:44.551+0000] {manager.py:997} INFO - 
================================================================================
DAG File Processing Stats

File Path                                         PID    Runtime      # DAGs    # Errors  Last Runtime    Last Run               Last # of DB Queries
------------------------------------------------  -----  ---------  --------  ----------  --------------  -------------------  ----------------------
/opt/airflow/dags/kafka_etl_kaggle_flight_dag.py                           1           0  0.72s           2024-12-09T02:01:44                      12
================================================================================
[2024-12-09T02:02:15.688+0000] {manager.py:997} INFO - 
================================================================================
DAG File Processing Stats

File Path                                         PID    Runtime      # DAGs    # Errors  Last Runtime    Last Run               Last # of DB Queries
------------------------------------------------  -----  ---------  --------  ----------  --------------  -------------------  ----------------------
/opt/airflow/dags/kafka_etl_kaggle_flight_dag.py                           1           0  0.54s           2024-12-09T02:02:15                      12
================================================================================
[2024-12-09T02:02:47.116+0000] {manager.py:997} INFO - 
================================================================================
DAG File Processing Stats

File Path                                         PID    Runtime      # DAGs    # Errors  Last Runtime    Last Run               Last # of DB Queries
------------------------------------------------  -----  ---------  --------  ----------  --------------  -------------------  ----------------------
/opt/airflow/dags/kafka_etl_kaggle_flight_dag.py                           1           0  0.57s           2024-12-09T02:02:47                      12
================================================================================
[2024-12-09T02:03:18.493+0000] {manager.py:997} INFO - 
================================================================================
DAG File Processing Stats

File Path                                         PID    Runtime      # DAGs    # Errors  Last Runtime    Last Run               Last # of DB Queries
------------------------------------------------  -----  ---------  --------  ----------  --------------  -------------------  ----------------------
/opt/airflow/dags/kafka_etl_kaggle_flight_dag.py                           1           0  0.57s           2024-12-09T02:03:18                      12
================================================================================
[2024-12-09T02:03:47.513+0000] {manager.py:465} INFO - Exiting gracefully upon receiving signal 15
[2024-12-09T02:06:18.486+0000] {manager.py:483} INFO - Processing files using up to 1 processes at a time 
[2024-12-09T02:06:18.489+0000] {manager.py:484} INFO - Process each file at most once every 30 seconds
[2024-12-09T02:06:18.490+0000] {manager.py:485} INFO - Checking for new files in /opt/airflow/dags every 300 seconds
[2024-12-09T02:06:18.491+0000] {manager.py:821} INFO - Searching for files in /opt/airflow/dags
[2024-12-09T02:06:18.500+0000] {manager.py:824} INFO - There are 1 files in /opt/airflow/dags
[2024-12-09T02:06:19.623+0000] {manager.py:997} INFO - 
================================================================================
DAG File Processing Stats

File Path                                         PID    Runtime      # DAGs    # Errors  Last Runtime    Last Run               Last # of DB Queries
------------------------------------------------  -----  ---------  --------  ----------  --------------  -------------------  ----------------------
/opt/airflow/dags/kafka_etl_kaggle_flight_dag.py                           1           0  0.92s           2024-12-09T02:06:19                      12
================================================================================
[2024-12-09T02:06:50.628+0000] {manager.py:997} INFO - 
================================================================================
DAG File Processing Stats

File Path                                         PID    Runtime      # DAGs    # Errors  Last Runtime    Last Run               Last # of DB Queries
------------------------------------------------  -----  ---------  --------  ----------  --------------  -------------------  ----------------------
/opt/airflow/dags/kafka_etl_kaggle_flight_dag.py                           1           0  0.53s           2024-12-09T02:06:50                      12
================================================================================
[2024-12-09T02:07:12.228+0000] {manager.py:465} INFO - Exiting gracefully upon receiving signal 15
[2024-12-09T02:09:36.502+0000] {manager.py:483} INFO - Processing files using up to 1 processes at a time 
[2024-12-09T02:09:36.505+0000] {manager.py:484} INFO - Process each file at most once every 30 seconds
[2024-12-09T02:09:36.506+0000] {manager.py:485} INFO - Checking for new files in /opt/airflow/dags every 300 seconds
[2024-12-09T02:09:36.507+0000] {manager.py:821} INFO - Searching for files in /opt/airflow/dags
[2024-12-09T02:09:36.517+0000] {manager.py:824} INFO - There are 1 files in /opt/airflow/dags
[2024-12-09T02:09:38.307+0000] {manager.py:997} INFO - 
================================================================================
DAG File Processing Stats

File Path                                         PID    Runtime      # DAGs    # Errors  Last Runtime    Last Run               Last # of DB Queries
------------------------------------------------  -----  ---------  --------  ----------  --------------  -------------------  ----------------------
/opt/airflow/dags/kafka_etl_kaggle_flight_dag.py                           1           0  1.44s           2024-12-09T02:09:38                      12
================================================================================
[2024-12-09T02:10:09.515+0000] {manager.py:997} INFO - 
================================================================================
DAG File Processing Stats

File Path                                         PID    Runtime      # DAGs    # Errors  Last Runtime    Last Run               Last # of DB Queries
------------------------------------------------  -----  ---------  --------  ----------  --------------  -------------------  ----------------------
/opt/airflow/dags/kafka_etl_kaggle_flight_dag.py                           1           0  0.54s           2024-12-09T02:10:09                      12
================================================================================
[2024-12-09T02:10:40.932+0000] {manager.py:997} INFO - 
================================================================================
DAG File Processing Stats

File Path                                         PID    Runtime      # DAGs    # Errors  Last Runtime    Last Run               Last # of DB Queries
------------------------------------------------  -----  ---------  --------  ----------  --------------  -------------------  ----------------------
/opt/airflow/dags/kafka_etl_kaggle_flight_dag.py                           1           0  0.56s           2024-12-09T02:10:40                      12
================================================================================
[2024-12-09T02:11:12.345+0000] {manager.py:997} INFO - 
================================================================================
DAG File Processing Stats

File Path                                         PID    Runtime      # DAGs    # Errors  Last Runtime    Last Run               Last # of DB Queries
------------------------------------------------  -----  ---------  --------  ----------  --------------  -------------------  ----------------------
/opt/airflow/dags/kafka_etl_kaggle_flight_dag.py                           1           0  0.54s           2024-12-09T02:11:12                      12
================================================================================
[2024-12-09T02:11:43.714+0000] {manager.py:997} INFO - 
================================================================================
DAG File Processing Stats

File Path                                         PID    Runtime      # DAGs    # Errors  Last Runtime    Last Run               Last # of DB Queries
------------------------------------------------  -----  ---------  --------  ----------  --------------  -------------------  ----------------------
/opt/airflow/dags/kafka_etl_kaggle_flight_dag.py                           1           0  0.65s           2024-12-09T02:11:43                      12
================================================================================
[2024-12-09T02:12:14.617+0000] {manager.py:997} INFO - 
================================================================================
DAG File Processing Stats

File Path                                         PID    Runtime      # DAGs    # Errors  Last Runtime    Last Run               Last # of DB Queries
------------------------------------------------  -----  ---------  --------  ----------  --------------  -------------------  ----------------------
/opt/airflow/dags/kafka_etl_kaggle_flight_dag.py                           1           0  0.56s           2024-12-09T02:12:14                      12
================================================================================
[2024-12-09T02:12:45.627+0000] {manager.py:997} INFO - 
================================================================================
DAG File Processing Stats

File Path                                         PID    Runtime      # DAGs    # Errors  Last Runtime    Last Run               Last # of DB Queries
------------------------------------------------  -----  ---------  --------  ----------  --------------  -------------------  ----------------------
/opt/airflow/dags/kafka_etl_kaggle_flight_dag.py                           1           0  0.64s           2024-12-09T02:12:45                      12
================================================================================
[2024-12-09T02:13:16.600+0000] {manager.py:997} INFO - 
================================================================================
DAG File Processing Stats

File Path                                         PID    Runtime      # DAGs    # Errors  Last Runtime    Last Run               Last # of DB Queries
------------------------------------------------  -----  ---------  --------  ----------  --------------  -------------------  ----------------------
/opt/airflow/dags/kafka_etl_kaggle_flight_dag.py                           1           0  0.66s           2024-12-09T02:13:16                      12
================================================================================
[2024-12-09T02:13:47.543+0000] {manager.py:997} INFO - 
================================================================================
DAG File Processing Stats

File Path                                         PID    Runtime      # DAGs    # Errors  Last Runtime    Last Run               Last # of DB Queries
------------------------------------------------  -----  ---------  --------  ----------  --------------  -------------------  ----------------------
/opt/airflow/dags/kafka_etl_kaggle_flight_dag.py                           1           0  0.57s           2024-12-09T02:13:47                      12
================================================================================
[2024-12-09T02:14:18.453+0000] {manager.py:997} INFO - 
================================================================================
DAG File Processing Stats

File Path                                         PID    Runtime      # DAGs    # Errors  Last Runtime    Last Run               Last # of DB Queries
------------------------------------------------  -----  ---------  --------  ----------  --------------  -------------------  ----------------------
/opt/airflow/dags/kafka_etl_kaggle_flight_dag.py                           1           0  0.56s           2024-12-09T02:14:18                      12
================================================================================
[2024-12-09T02:14:36.526+0000] {manager.py:821} INFO - Searching for files in /opt/airflow/dags
[2024-12-09T02:14:36.533+0000] {manager.py:824} INFO - There are 1 files in /opt/airflow/dags
[2024-12-09T02:14:49.165+0000] {manager.py:997} INFO - 
================================================================================
DAG File Processing Stats

File Path                                         PID    Runtime      # DAGs    # Errors  Last Runtime    Last Run               Last # of DB Queries
------------------------------------------------  -----  ---------  --------  ----------  --------------  -------------------  ----------------------
/opt/airflow/dags/kafka_etl_kaggle_flight_dag.py                           1           0  0.57s           2024-12-09T02:14:49                      12
================================================================================
[2024-12-09T02:15:19.882+0000] {manager.py:997} INFO - 
================================================================================
DAG File Processing Stats

File Path                                         PID    Runtime      # DAGs    # Errors  Last Runtime    Last Run               Last # of DB Queries
------------------------------------------------  -----  ---------  --------  ----------  --------------  -------------------  ----------------------
/opt/airflow/dags/kafka_etl_kaggle_flight_dag.py                           1           0  0.54s           2024-12-09T02:15:19                      12
================================================================================
[2024-12-09T02:15:50.732+0000] {manager.py:997} INFO - 
================================================================================
DAG File Processing Stats

File Path                                         PID    Runtime      # DAGs    # Errors  Last Runtime    Last Run               Last # of DB Queries
------------------------------------------------  -----  ---------  --------  ----------  --------------  -------------------  ----------------------
/opt/airflow/dags/kafka_etl_kaggle_flight_dag.py                           1           0  0.68s           2024-12-09T02:15:50                      12
================================================================================
[2024-12-09T02:16:21.451+0000] {manager.py:997} INFO - 
================================================================================
DAG File Processing Stats

File Path                                         PID    Runtime      # DAGs    # Errors  Last Runtime    Last Run               Last # of DB Queries
------------------------------------------------  -----  ---------  --------  ----------  --------------  -------------------  ----------------------
/opt/airflow/dags/kafka_etl_kaggle_flight_dag.py                           1           0  0.57s           2024-12-09T02:16:21                      12
================================================================================
[2024-12-09T02:16:52.194+0000] {manager.py:997} INFO - 
================================================================================
DAG File Processing Stats

File Path                                         PID    Runtime      # DAGs    # Errors  Last Runtime    Last Run               Last # of DB Queries
------------------------------------------------  -----  ---------  --------  ----------  --------------  -------------------  ----------------------
/opt/airflow/dags/kafka_etl_kaggle_flight_dag.py                           1           0  0.54s           2024-12-09T02:16:52                      12
================================================================================
[2024-12-09T02:17:22.915+0000] {manager.py:997} INFO - 
================================================================================
DAG File Processing Stats

File Path                                         PID    Runtime      # DAGs    # Errors  Last Runtime    Last Run               Last # of DB Queries
------------------------------------------------  -----  ---------  --------  ----------  --------------  -------------------  ----------------------
/opt/airflow/dags/kafka_etl_kaggle_flight_dag.py                           1           0  0.55s           2024-12-09T02:17:22                      12
================================================================================
[2024-12-09T02:17:53.695+0000] {manager.py:997} INFO - 
================================================================================
DAG File Processing Stats

File Path                                         PID    Runtime      # DAGs    # Errors  Last Runtime    Last Run               Last # of DB Queries
------------------------------------------------  -----  ---------  --------  ----------  --------------  -------------------  ----------------------
/opt/airflow/dags/kafka_etl_kaggle_flight_dag.py                           1           0  0.67s           2024-12-09T02:17:53                      12
================================================================================
[2024-12-09T02:18:24.125+0000] {manager.py:997} INFO - 
================================================================================
DAG File Processing Stats

File Path                                         PID    Runtime      # DAGs    # Errors  Last Runtime    Last Run               Last # of DB Queries
------------------------------------------------  -----  ---------  --------  ----------  --------------  -------------------  ----------------------
/opt/airflow/dags/kafka_etl_kaggle_flight_dag.py                           1           0  0.32s           2024-12-09T02:18:24                      12
================================================================================
[2024-12-09T02:18:54.722+0000] {manager.py:997} INFO - 
================================================================================
DAG File Processing Stats

File Path                                         PID    Runtime      # DAGs    # Errors  Last Runtime    Last Run               Last # of DB Queries
------------------------------------------------  -----  ---------  --------  ----------  --------------  -------------------  ----------------------
/opt/airflow/dags/kafka_etl_kaggle_flight_dag.py                           1           0  0.45s           2024-12-09T02:18:54                      12
================================================================================
[2024-12-09T02:19:25.289+0000] {manager.py:997} INFO - 
================================================================================
DAG File Processing Stats

File Path                                         PID    Runtime      # DAGs    # Errors  Last Runtime    Last Run               Last # of DB Queries
------------------------------------------------  -----  ---------  --------  ----------  --------------  -------------------  ----------------------
/opt/airflow/dags/kafka_etl_kaggle_flight_dag.py                           1           0  0.45s           2024-12-09T02:19:25                      12
================================================================================
[2024-12-09T02:19:36.593+0000] {manager.py:821} INFO - Searching for files in /opt/airflow/dags
[2024-12-09T02:19:36.599+0000] {manager.py:824} INFO - There are 1 files in /opt/airflow/dags
[2024-12-09T02:19:55.987+0000] {manager.py:997} INFO - 
================================================================================
DAG File Processing Stats

File Path                                         PID    Runtime      # DAGs    # Errors  Last Runtime    Last Run               Last # of DB Queries
------------------------------------------------  -----  ---------  --------  ----------  --------------  -------------------  ----------------------
/opt/airflow/dags/kafka_etl_kaggle_flight_dag.py                           1           0  0.57s           2024-12-09T02:19:55                      12
================================================================================
[2024-12-09T02:20:26.451+0000] {manager.py:997} INFO - 
================================================================================
DAG File Processing Stats

File Path                                         PID    Runtime      # DAGs    # Errors  Last Runtime    Last Run               Last # of DB Queries
------------------------------------------------  -----  ---------  --------  ----------  --------------  -------------------  ----------------------
/opt/airflow/dags/kafka_etl_kaggle_flight_dag.py                           1           0  0.35s           2024-12-09T02:20:26                      12
================================================================================
[2024-12-09T02:20:57.044+0000] {manager.py:997} INFO - 
================================================================================
DAG File Processing Stats

File Path                                         PID    Runtime      # DAGs    # Errors  Last Runtime    Last Run               Last # of DB Queries
------------------------------------------------  -----  ---------  --------  ----------  --------------  -------------------  ----------------------
/opt/airflow/dags/kafka_etl_kaggle_flight_dag.py                           1           0  0.48s           2024-12-09T02:20:57                      12
================================================================================
[2024-12-09T02:21:27.607+0000] {manager.py:997} INFO - 
================================================================================
DAG File Processing Stats

File Path                                         PID    Runtime      # DAGs    # Errors  Last Runtime    Last Run               Last # of DB Queries
------------------------------------------------  -----  ---------  --------  ----------  --------------  -------------------  ----------------------
/opt/airflow/dags/kafka_etl_kaggle_flight_dag.py                           1           0  0.45s           2024-12-09T02:21:27                      12
================================================================================
[2024-12-09T02:21:58.345+0000] {manager.py:997} INFO - 
================================================================================
DAG File Processing Stats

File Path                                         PID    Runtime      # DAGs    # Errors  Last Runtime    Last Run               Last # of DB Queries
------------------------------------------------  -----  ---------  --------  ----------  --------------  -------------------  ----------------------
/opt/airflow/dags/kafka_etl_kaggle_flight_dag.py                           1           0  0.57s           2024-12-09T02:21:58                      12
================================================================================
[2024-12-09T02:22:28.827+0000] {manager.py:997} INFO - 
================================================================================
DAG File Processing Stats

File Path                                         PID    Runtime      # DAGs    # Errors  Last Runtime    Last Run               Last # of DB Queries
------------------------------------------------  -----  ---------  --------  ----------  --------------  -------------------  ----------------------
/opt/airflow/dags/kafka_etl_kaggle_flight_dag.py                           1           0  0.34s           2024-12-09T02:22:28                      12
================================================================================
[2024-12-09T02:22:59.360+0000] {manager.py:997} INFO - 
================================================================================
DAG File Processing Stats

File Path                                         PID    Runtime      # DAGs    # Errors  Last Runtime    Last Run               Last # of DB Queries
------------------------------------------------  -----  ---------  --------  ----------  --------------  -------------------  ----------------------
/opt/airflow/dags/kafka_etl_kaggle_flight_dag.py                           1           0  0.41s           2024-12-09T02:22:59                      12
================================================================================
[2024-12-09T02:23:29.844+0000] {manager.py:997} INFO - 
================================================================================
DAG File Processing Stats

File Path                                         PID    Runtime      # DAGs    # Errors  Last Runtime    Last Run               Last # of DB Queries
------------------------------------------------  -----  ---------  --------  ----------  --------------  -------------------  ----------------------
/opt/airflow/dags/kafka_etl_kaggle_flight_dag.py                           1           0  0.37s           2024-12-09T02:23:29                      12
================================================================================
[2024-12-09T02:24:00.455+0000] {manager.py:997} INFO - 
================================================================================
DAG File Processing Stats

File Path                                         PID    Runtime      # DAGs    # Errors  Last Runtime    Last Run               Last # of DB Queries
------------------------------------------------  -----  ---------  --------  ----------  --------------  -------------------  ----------------------
/opt/airflow/dags/kafka_etl_kaggle_flight_dag.py                           1           0  0.49s           2024-12-09T02:24:00                      12
================================================================================
[2024-12-09T02:24:30.982+0000] {manager.py:997} INFO - 
================================================================================
DAG File Processing Stats

File Path                                         PID    Runtime      # DAGs    # Errors  Last Runtime    Last Run               Last # of DB Queries
------------------------------------------------  -----  ---------  --------  ----------  --------------  -------------------  ----------------------
/opt/airflow/dags/kafka_etl_kaggle_flight_dag.py                           1           0  0.38s           2024-12-09T02:24:30                      12
================================================================================
[2024-12-09T02:24:37.014+0000] {manager.py:821} INFO - Searching for files in /opt/airflow/dags
[2024-12-09T02:24:37.023+0000] {manager.py:824} INFO - There are 1 files in /opt/airflow/dags
[2024-12-09T02:25:45.815+0000] {manager.py:465} INFO - Exiting gracefully upon receiving signal 15
[2024-12-09T02:25:46.505+0000] {manager.py:483} INFO - Processing files using up to 1 processes at a time 
[2024-12-09T02:25:46.507+0000] {manager.py:484} INFO - Process each file at most once every 30 seconds
[2024-12-09T02:25:46.507+0000] {manager.py:485} INFO - Checking for new files in /opt/airflow/dags every 300 seconds
[2024-12-09T02:25:46.507+0000] {manager.py:821} INFO - Searching for files in /opt/airflow/dags
[2024-12-09T02:25:46.511+0000] {manager.py:824} INFO - There are 1 files in /opt/airflow/dags
[2024-12-09T02:25:47.071+0000] {manager.py:997} INFO - 
================================================================================
DAG File Processing Stats

File Path                                         PID    Runtime      # DAGs    # Errors  Last Runtime    Last Run               Last # of DB Queries
------------------------------------------------  -----  ---------  --------  ----------  --------------  -------------------  ----------------------
/opt/airflow/dags/kafka_etl_kaggle_flight_dag.py                           1           0  0.42s           2024-12-09T02:25:47                      12
================================================================================
[2024-12-09T02:26:18.243+0000] {manager.py:997} INFO - 
================================================================================
DAG File Processing Stats

File Path                                         PID    Runtime      # DAGs    # Errors  Last Runtime    Last Run               Last # of DB Queries
------------------------------------------------  -----  ---------  --------  ----------  --------------  -------------------  ----------------------
/opt/airflow/dags/kafka_etl_kaggle_flight_dag.py                           1           0  0.58s           2024-12-09T02:26:18                      12
================================================================================
[2024-12-09T02:26:49.639+0000] {manager.py:997} INFO - 
================================================================================
DAG File Processing Stats

File Path                                         PID    Runtime      # DAGs    # Errors  Last Runtime    Last Run               Last # of DB Queries
------------------------------------------------  -----  ---------  --------  ----------  --------------  -------------------  ----------------------
/opt/airflow/dags/kafka_etl_kaggle_flight_dag.py                           1           0  0.63s           2024-12-09T02:26:49                      12
================================================================================
[2024-12-09T02:27:20.920+0000] {manager.py:997} INFO - 
================================================================================
DAG File Processing Stats

File Path                                         PID    Runtime      # DAGs    # Errors  Last Runtime    Last Run               Last # of DB Queries
------------------------------------------------  -----  ---------  --------  ----------  --------------  -------------------  ----------------------
/opt/airflow/dags/kafka_etl_kaggle_flight_dag.py                           1           0  0.47s           2024-12-09T02:27:20                      12
================================================================================
[2024-12-09T02:27:52.290+0000] {manager.py:997} INFO - 
================================================================================
DAG File Processing Stats

File Path                                         PID    Runtime      # DAGs    # Errors  Last Runtime    Last Run               Last # of DB Queries
------------------------------------------------  -----  ---------  --------  ----------  --------------  -------------------  ----------------------
/opt/airflow/dags/kafka_etl_kaggle_flight_dag.py                           1           0  0.46s           2024-12-09T02:27:52                      12
================================================================================
[2024-12-09T02:28:22.861+0000] {manager.py:997} INFO - 
================================================================================
DAG File Processing Stats

File Path                                         PID    Runtime      # DAGs    # Errors  Last Runtime    Last Run               Last # of DB Queries
------------------------------------------------  -----  ---------  --------  ----------  --------------  -------------------  ----------------------
/opt/airflow/dags/kafka_etl_kaggle_flight_dag.py                           1           0  0.52s           2024-12-09T02:28:22                      12
================================================================================
[2024-12-09T02:28:54.536+0000] {manager.py:997} INFO - 
================================================================================
DAG File Processing Stats

File Path                                         PID    Runtime      # DAGs    # Errors  Last Runtime    Last Run               Last # of DB Queries
------------------------------------------------  -----  ---------  --------  ----------  --------------  -------------------  ----------------------
/opt/airflow/dags/kafka_etl_kaggle_flight_dag.py                           1           0  0.94s           2024-12-09T02:28:54                      12
================================================================================
[2024-12-09T02:29:25.424+0000] {manager.py:997} INFO - 
================================================================================
DAG File Processing Stats

File Path                                         PID    Runtime      # DAGs    # Errors  Last Runtime    Last Run               Last # of DB Queries
------------------------------------------------  -----  ---------  --------  ----------  --------------  -------------------  ----------------------
/opt/airflow/dags/kafka_etl_kaggle_flight_dag.py                           1           0  0.52s           2024-12-09T02:29:25                      12
================================================================================
[2024-12-09T02:29:56.683+0000] {manager.py:997} INFO - 
================================================================================
DAG File Processing Stats

File Path                                         PID    Runtime      # DAGs    # Errors  Last Runtime    Last Run               Last # of DB Queries
------------------------------------------------  -----  ---------  --------  ----------  --------------  -------------------  ----------------------
/opt/airflow/dags/kafka_etl_kaggle_flight_dag.py                           1           0  0.82s           2024-12-09T02:29:56                      12
================================================================================
[2024-12-09T02:30:27.745+0000] {manager.py:997} INFO - 
================================================================================
DAG File Processing Stats

File Path                                         PID    Runtime      # DAGs    # Errors  Last Runtime    Last Run               Last # of DB Queries
------------------------------------------------  -----  ---------  --------  ----------  --------------  -------------------  ----------------------
/opt/airflow/dags/kafka_etl_kaggle_flight_dag.py                           1           0  0.53s           2024-12-09T02:30:27                      12
================================================================================
[2024-12-09T02:30:46.583+0000] {manager.py:821} INFO - Searching for files in /opt/airflow/dags
[2024-12-09T02:30:46.608+0000] {manager.py:824} INFO - There are 1 files in /opt/airflow/dags
[2024-12-09T02:30:59.385+0000] {manager.py:997} INFO - 
================================================================================
DAG File Processing Stats

File Path                                         PID    Runtime      # DAGs    # Errors  Last Runtime    Last Run               Last # of DB Queries
------------------------------------------------  -----  ---------  --------  ----------  --------------  -------------------  ----------------------
/opt/airflow/dags/kafka_etl_kaggle_flight_dag.py                           1           0  1.24s           2024-12-09T02:30:59                      12
================================================================================
[2024-12-09T02:31:38.471+0000] {manager.py:997} INFO - 
================================================================================
DAG File Processing Stats

File Path                                         PID    Runtime      # DAGs    # Errors  Last Runtime    Last Run               Last # of DB Queries
------------------------------------------------  -----  ---------  --------  ----------  --------------  -------------------  ----------------------
/opt/airflow/dags/kafka_etl_kaggle_flight_dag.py                           1           0  1.76s           2024-12-09T02:31:38                      12
================================================================================
[2024-12-09T02:33:03.254+0000] {manager.py:465} INFO - Exiting gracefully upon receiving signal 15
[2024-12-09T02:33:09.409+0000] {manager.py:483} INFO - Processing files using up to 1 processes at a time 
[2024-12-09T02:33:09.485+0000] {manager.py:484} INFO - Process each file at most once every 30 seconds
[2024-12-09T02:33:09.557+0000] {manager.py:485} INFO - Checking for new files in /opt/airflow/dags every 300 seconds
[2024-12-09T02:33:09.564+0000] {manager.py:821} INFO - Searching for files in /opt/airflow/dags
[2024-12-09T02:33:09.648+0000] {manager.py:824} INFO - There are 1 files in /opt/airflow/dags
[2024-12-09T02:33:11.317+0000] {manager.py:997} INFO - 
================================================================================
DAG File Processing Stats

File Path                                         PID    Runtime      # DAGs    # Errors  Last Runtime    Last Run               Last # of DB Queries
------------------------------------------------  -----  ---------  --------  ----------  --------------  -------------------  ----------------------
/opt/airflow/dags/kafka_etl_kaggle_flight_dag.py                           1           0  1.15s           2024-12-09T02:33:11                      12
================================================================================
[2024-12-09T02:34:54.862+0000] {manager.py:465} INFO - Exiting gracefully upon receiving signal 15
[2024-12-09T02:34:54.850+0000] {manager.py:465} INFO - Exiting gracefully upon receiving signal 15
[2024-12-09T02:34:58.240+0000] {manager.py:465} INFO - Exiting gracefully upon receiving signal 15
[2024-12-09T02:37:07.013+0000] {manager.py:483} INFO - Processing files using up to 1 processes at a time 
[2024-12-09T02:37:07.018+0000] {manager.py:484} INFO - Process each file at most once every 30 seconds
[2024-12-09T02:37:07.023+0000] {manager.py:485} INFO - Checking for new files in /opt/airflow/dags every 300 seconds
[2024-12-09T02:37:07.023+0000] {manager.py:821} INFO - Searching for files in /opt/airflow/dags
[2024-12-09T02:37:07.032+0000] {manager.py:824} INFO - There are 1 files in /opt/airflow/dags
[2024-12-09T02:37:10.126+0000] {manager.py:997} INFO - 
================================================================================
DAG File Processing Stats

File Path                                         PID    Runtime      # DAGs    # Errors  Last Runtime    Last Run               Last # of DB Queries
------------------------------------------------  -----  ---------  --------  ----------  --------------  -------------------  ----------------------
/opt/airflow/dags/kafka_etl_kaggle_flight_dag.py                           1           0  2.61s           2024-12-09T02:37:10                      12
================================================================================
[2024-12-09T02:37:41.332+0000] {manager.py:997} INFO - 
================================================================================
DAG File Processing Stats

File Path                                         PID    Runtime      # DAGs    # Errors  Last Runtime    Last Run               Last # of DB Queries
------------------------------------------------  -----  ---------  --------  ----------  --------------  -------------------  ----------------------
/opt/airflow/dags/kafka_etl_kaggle_flight_dag.py                           1           0  1.18s           2024-12-09T02:37:41                      12
================================================================================
[2024-12-09T02:38:15.110+0000] {manager.py:997} INFO - 
================================================================================
DAG File Processing Stats

File Path                                         PID    Runtime      # DAGs    # Errors  Last Runtime    Last Run               Last # of DB Queries
------------------------------------------------  -----  ---------  --------  ----------  --------------  -------------------  ----------------------
/opt/airflow/dags/kafka_etl_kaggle_flight_dag.py                           1           0  3.26s           2024-12-09T02:38:15                      12
================================================================================
[2024-12-09T02:38:46.250+0000] {manager.py:997} INFO - 
================================================================================
DAG File Processing Stats

File Path                                         PID    Runtime      # DAGs    # Errors  Last Runtime    Last Run               Last # of DB Queries
------------------------------------------------  -----  ---------  --------  ----------  --------------  -------------------  ----------------------
/opt/airflow/dags/kafka_etl_kaggle_flight_dag.py                           1           0  0.94s           2024-12-09T02:38:46                      12
================================================================================
[2024-12-09T02:39:18.619+0000] {manager.py:997} INFO - 
================================================================================
DAG File Processing Stats

File Path                                         PID    Runtime      # DAGs    # Errors  Last Runtime    Last Run               Last # of DB Queries
------------------------------------------------  -----  ---------  --------  ----------  --------------  -------------------  ----------------------
/opt/airflow/dags/kafka_etl_kaggle_flight_dag.py                           1           0  1.39s           2024-12-09T02:39:18                      12
================================================================================
[2024-12-09T02:39:50.542+0000] {manager.py:997} INFO - 
================================================================================
DAG File Processing Stats

File Path                                         PID    Runtime      # DAGs    # Errors  Last Runtime    Last Run               Last # of DB Queries
------------------------------------------------  -----  ---------  --------  ----------  --------------  -------------------  ----------------------
/opt/airflow/dags/kafka_etl_kaggle_flight_dag.py                           1           0  1.43s           2024-12-09T02:39:50                      12
================================================================================
[2024-12-09T02:40:20.478+0000] {manager.py:997} INFO - 
================================================================================
DAG File Processing Stats

File Path                                         PID    Runtime      # DAGs    # Errors  Last Runtime    Last Run               Last # of DB Queries
------------------------------------------------  -----  ---------  --------  ----------  --------------  -------------------  ----------------------
/opt/airflow/dags/kafka_etl_kaggle_flight_dag.py                           1           0  1.43s           2024-12-09T02:39:50                      12
================================================================================
[2024-12-09T02:40:50.730+0000] {manager.py:997} INFO - 
================================================================================
DAG File Processing Stats

File Path                                         PID    Runtime      # DAGs    # Errors  Last Runtime    Last Run               Last # of DB Queries
------------------------------------------------  -----  ---------  --------  ----------  --------------  -------------------  ----------------------
/opt/airflow/dags/kafka_etl_kaggle_flight_dag.py                           1           0  0.92s           2024-12-09T02:40:22                      12
================================================================================
[2024-12-09T02:41:21.153+0000] {manager.py:997} INFO - 
================================================================================
DAG File Processing Stats

File Path                                         PID    Runtime      # DAGs    # Errors  Last Runtime    Last Run               Last # of DB Queries
------------------------------------------------  -----  ---------  --------  ----------  --------------  -------------------  ----------------------
/opt/airflow/dags/kafka_etl_kaggle_flight_dag.py                           1           0  1.22s           2024-12-09T02:40:54                      12
================================================================================
[2024-12-09T02:41:51.395+0000] {manager.py:997} INFO - 
================================================================================
DAG File Processing Stats

File Path                                         PID    Runtime      # DAGs    # Errors  Last Runtime    Last Run               Last # of DB Queries
------------------------------------------------  -----  ---------  --------  ----------  --------------  -------------------  ----------------------
/opt/airflow/dags/kafka_etl_kaggle_flight_dag.py                           1           0  1.02s           2024-12-09T02:41:26                      12
================================================================================
[2024-12-09T02:42:08.025+0000] {manager.py:821} INFO - Searching for files in /opt/airflow/dags
[2024-12-09T02:42:08.029+0000] {manager.py:824} INFO - There are 1 files in /opt/airflow/dags
[2024-12-09T02:42:22.331+0000] {manager.py:997} INFO - 
================================================================================
DAG File Processing Stats

File Path                                         PID    Runtime      # DAGs    # Errors  Last Runtime    Last Run               Last # of DB Queries
------------------------------------------------  -----  ---------  --------  ----------  --------------  -------------------  ----------------------
/opt/airflow/dags/kafka_etl_kaggle_flight_dag.py                           1           0  2.76s           2024-12-09T02:42:05                      12
================================================================================
[2024-12-09T02:43:01.274+0000] {manager.py:465} INFO - Exiting gracefully upon receiving signal 15
